[Data config set] lib = /data/stu25/s2300012745/work/yosys-sta/scripts/../pdk/nangate45/lib/Nangate45_typ.lib
[Data config set] sdc = /data/stu25/s2300012745/work/yosys-sta/scripts/default.sdc
[Data config set] tech lef = /data/stu25/s2300012745/work/yosys-sta/scripts/../pdk/nangate45/lef/Nangate45_tech.lef
Read LEF file : /data/stu25/s2300012745/work/yosys-sta/scripts/../pdk/nangate45/lef/Nangate45_tech.lef
[Data config set] lef = /data/stu25/s2300012745/work/yosys-sta/scripts/../pdk/nangate45/lef/Nangate45_stdcell.lef
Read LEF file : /data/stu25/s2300012745/work/yosys-sta/scripts/../pdk/nangate45/lef/Nangate45_stdcell.lef
[Data config set] verilog = /data/stu25/s2300012745/work/yosys-sta/lab8/result/P4/accelerator-2000MHz/accelerator.netlist.syn.v
Read Verilog file success : /data/stu25/s2300012745/work/yosys-sta/lab8/result/P4/accelerator-2000MHz/accelerator.netlist.syn.v
WARNING: Logging before InitGoogleLogging() is written to STDERR
I20250701 02:08:29.994323 2183815 VerilogParserRustC.cc:41] load verilog file /data/stu25/s2300012745/work/yosys-sta/lab8/result/P4/accelerator-2000MHz/accelerator.netlist.syn.v
r str /data/stu25/s2300012745/work/yosys-sta/lab8/result/P4/accelerator-2000MHz/accelerator.netlist.syn.v
Processed 1000 pins...
Processed 2000 pins...
Processed 3000 pins...
Processed 4000 pins...
Processed 1000 nets...
Processed 2000 nets...
Processed 3000 nets...
Processed 4000 nets...
Processed 1000 components...
I20250701 02:08:30.391718 2183815 Sta.cc:303] load lib start
I20250701 02:08:30.393473 2184068 Sta.cc:281] read liberty /data/stu25/s2300012745/work/yosys-sta/scripts/../pdk/nangate45/lib/Nangate45_typ.lib start 
I20250701 02:08:30.393970 2184068 LibParserRustC.cc:1285] load liberty file /data/stu25/s2300012745/work/yosys-sta/scripts/../pdk/nangate45/lib/Nangate45_typ.lib
rust read lib file /data/stu25/s2300012745/work/yosys-sta/scripts/../pdk/nangate45/lib/Nangate45_typ.lib
I20250701 02:08:30.902030 2184068 LibParserRustC.cc:1294] load liberty file /data/stu25/s2300012745/work/yosys-sta/scripts/../pdk/nangate45/lib/Nangate45_typ.lib success.
I20250701 02:08:30.902065 2184068 Sta.cc:291] read liberty /data/stu25/s2300012745/work/yosys-sta/scripts/../pdk/nangate45/lib/Nangate45_typ.lib end 
I20250701 02:08:30.902190 2183815 Sta.cc:322] load lib end
I20250701 02:08:30.904034 2184178 LibParserRustC.cc:1304] link liberty file /data/stu25/s2300012745/work/yosys-sta/scripts/../pdk/nangate45/lib/Nangate45_typ.lib start.
I20250701 02:08:30.905124 2184178 LibParserRustC.cc:666] unkown attri name: technology in /data/stu25/s2300012745/work/yosys-sta/scripts/../pdk/nangate45/lib/Nangate45_typ.lib line no 45
I20250701 02:08:31.998636 2184178 LibParserRustC.cc:1310] link liberty file /data/stu25/s2300012745/work/yosys-sta/scripts/../pdk/nangate45/lib/Nangate45_typ.lib success.
I20250701 02:08:31.999140 2183815 TimingIDBAdapter.cc:739] core area width -0um height -0um
I20250701 02:08:31.999215 2183815 TimingIDBAdapter.cc:824] build inst num: 1
I20250701 02:08:32.006892 2183815 TimingIDBAdapter.cc:903] build net num: 1
I20250701 02:08:32.021183 2183815 TimingIDBAdapter.cc:912] build instance num: 1483
I20250701 02:08:32.021226 2183815 TimingIDBAdapter.cc:913] build port num: 1794
I20250701 02:08:32.021231 2183815 TimingIDBAdapter.cc:914] build net num: 2908
I20250701 02:08:32.021236 2183815 Sta.cc:175] read sdc /data/stu25/s2300012745/work/yosys-sta/scripts/default.sdc start 
I20250701 02:08:32.022135 2183815 CmdCreateClock.cc:119] create clock core_clock for pin/port: clk
I20250701 02:08:32.022163 2183815 Sta.cc:192] read sdc /data/stu25/s2300012745/work/yosys-sta/scripts/default.sdc end 
I20250701 02:08:32.022176 2183815 StaBuildGraph.cc:315] build graph start
I20250701 02:08:32.035677 2183815 StaBuildGraph.cc:216] net q_from_buffer_a[0] has no driver.
I20250701 02:08:32.035703 2183815 StaBuildGraph.cc:216] net q_from_buffer_a[10] has no driver.
I20250701 02:08:32.035706 2183815 StaBuildGraph.cc:216] net q_from_buffer_a[11] has no driver.
I20250701 02:08:32.035708 2183815 StaBuildGraph.cc:216] net q_from_buffer_a[12] has no driver.
I20250701 02:08:32.035712 2183815 StaBuildGraph.cc:216] net q_from_buffer_a[13] has no driver.
I20250701 02:08:32.035714 2183815 StaBuildGraph.cc:216] net q_from_buffer_a[14] has no driver.
I20250701 02:08:32.035717 2183815 StaBuildGraph.cc:216] net q_from_buffer_a[15] has no driver.
I20250701 02:08:32.035718 2183815 StaBuildGraph.cc:216] net q_from_buffer_a[16] has no driver.
I20250701 02:08:32.035722 2183815 StaBuildGraph.cc:216] net q_from_buffer_a[17] has no driver.
I20250701 02:08:32.035723 2183815 StaBuildGraph.cc:216] net q_from_buffer_a[18] has no driver.
I20250701 02:08:32.035725 2183815 StaBuildGraph.cc:216] net q_from_buffer_a[19] has no driver.
I20250701 02:08:32.035727 2183815 StaBuildGraph.cc:216] net q_from_buffer_a[1] has no driver.
I20250701 02:08:32.035729 2183815 StaBuildGraph.cc:216] net q_from_buffer_a[20] has no driver.
I20250701 02:08:32.035732 2183815 StaBuildGraph.cc:216] net q_from_buffer_a[21] has no driver.
I20250701 02:08:32.035735 2183815 StaBuildGraph.cc:216] net q_from_buffer_a[22] has no driver.
I20250701 02:08:32.035738 2183815 StaBuildGraph.cc:216] net q_from_buffer_a[23] has no driver.
I20250701 02:08:32.035741 2183815 StaBuildGraph.cc:216] net q_from_buffer_a[24] has no driver.
I20250701 02:08:32.035745 2183815 StaBuildGraph.cc:216] net q_from_buffer_a[25] has no driver.
I20250701 02:08:32.035748 2183815 StaBuildGraph.cc:216] net q_from_buffer_a[26] has no driver.
I20250701 02:08:32.035750 2183815 StaBuildGraph.cc:216] net q_from_buffer_a[27] has no driver.
I20250701 02:08:32.035753 2183815 StaBuildGraph.cc:216] net q_from_buffer_a[28] has no driver.
I20250701 02:08:32.035758 2183815 StaBuildGraph.cc:216] net q_from_buffer_a[29] has no driver.
I20250701 02:08:32.035760 2183815 StaBuildGraph.cc:216] net q_from_buffer_a[2] has no driver.
I20250701 02:08:32.035763 2183815 StaBuildGraph.cc:216] net q_from_buffer_a[30] has no driver.
I20250701 02:08:32.035766 2183815 StaBuildGraph.cc:216] net q_from_buffer_a[31] has no driver.
I20250701 02:08:32.035770 2183815 StaBuildGraph.cc:216] net q_from_buffer_a[3] has no driver.
I20250701 02:08:32.035773 2183815 StaBuildGraph.cc:216] net q_from_buffer_a[4] has no driver.
I20250701 02:08:32.035776 2183815 StaBuildGraph.cc:216] net q_from_buffer_a[5] has no driver.
I20250701 02:08:32.035779 2183815 StaBuildGraph.cc:216] net q_from_buffer_a[6] has no driver.
I20250701 02:08:32.035782 2183815 StaBuildGraph.cc:216] net q_from_buffer_a[7] has no driver.
I20250701 02:08:32.035785 2183815 StaBuildGraph.cc:216] net q_from_buffer_a[8] has no driver.
I20250701 02:08:32.035789 2183815 StaBuildGraph.cc:216] net q_from_buffer_a[9] has no driver.
I20250701 02:08:32.035791 2183815 StaBuildGraph.cc:216] net q_from_buffer_b[0] has no driver.
I20250701 02:08:32.035794 2183815 StaBuildGraph.cc:216] net q_from_buffer_b[10] has no driver.
I20250701 02:08:32.035799 2183815 StaBuildGraph.cc:216] net q_from_buffer_b[11] has no driver.
I20250701 02:08:32.035801 2183815 StaBuildGraph.cc:216] net q_from_buffer_b[12] has no driver.
I20250701 02:08:32.035805 2183815 StaBuildGraph.cc:216] net q_from_buffer_b[13] has no driver.
I20250701 02:08:32.035808 2183815 StaBuildGraph.cc:216] net q_from_buffer_b[14] has no driver.
I20250701 02:08:32.035811 2183815 StaBuildGraph.cc:216] net q_from_buffer_b[15] has no driver.
I20250701 02:08:32.035815 2183815 StaBuildGraph.cc:216] net q_from_buffer_b[16] has no driver.
I20250701 02:08:32.035818 2183815 StaBuildGraph.cc:216] net q_from_buffer_b[17] has no driver.
I20250701 02:08:32.035822 2183815 StaBuildGraph.cc:216] net q_from_buffer_b[18] has no driver.
I20250701 02:08:32.035825 2183815 StaBuildGraph.cc:216] net q_from_buffer_b[19] has no driver.
I20250701 02:08:32.035828 2183815 StaBuildGraph.cc:216] net q_from_buffer_b[1] has no driver.
I20250701 02:08:32.035832 2183815 StaBuildGraph.cc:216] net q_from_buffer_b[20] has no driver.
I20250701 02:08:32.035835 2183815 StaBuildGraph.cc:216] net q_from_buffer_b[21] has no driver.
I20250701 02:08:32.035840 2183815 StaBuildGraph.cc:216] net q_from_buffer_b[22] has no driver.
I20250701 02:08:32.035842 2183815 StaBuildGraph.cc:216] net q_from_buffer_b[23] has no driver.
I20250701 02:08:32.035845 2183815 StaBuildGraph.cc:216] net q_from_buffer_b[24] has no driver.
I20250701 02:08:32.035849 2183815 StaBuildGraph.cc:216] net q_from_buffer_b[25] has no driver.
I20250701 02:08:32.035852 2183815 StaBuildGraph.cc:216] net q_from_buffer_b[26] has no driver.
I20250701 02:08:32.035856 2183815 StaBuildGraph.cc:216] net q_from_buffer_b[27] has no driver.
I20250701 02:08:32.035859 2183815 StaBuildGraph.cc:216] net q_from_buffer_b[28] has no driver.
I20250701 02:08:32.035862 2183815 StaBuildGraph.cc:216] net q_from_buffer_b[29] has no driver.
I20250701 02:08:32.035866 2183815 StaBuildGraph.cc:216] net q_from_buffer_b[2] has no driver.
I20250701 02:08:32.035868 2183815 StaBuildGraph.cc:216] net q_from_buffer_b[30] has no driver.
I20250701 02:08:32.035872 2183815 StaBuildGraph.cc:216] net q_from_buffer_b[31] has no driver.
I20250701 02:08:32.035876 2183815 StaBuildGraph.cc:216] net q_from_buffer_b[3] has no driver.
I20250701 02:08:32.035879 2183815 StaBuildGraph.cc:216] net q_from_buffer_b[4] has no driver.
I20250701 02:08:32.035882 2183815 StaBuildGraph.cc:216] net q_from_buffer_b[5] has no driver.
I20250701 02:08:32.035885 2183815 StaBuildGraph.cc:216] net q_from_buffer_b[6] has no driver.
I20250701 02:08:32.035888 2183815 StaBuildGraph.cc:216] net q_from_buffer_b[7] has no driver.
I20250701 02:08:32.035892 2183815 StaBuildGraph.cc:216] net q_from_buffer_b[8] has no driver.
I20250701 02:08:32.035895 2183815 StaBuildGraph.cc:216] net q_from_buffer_b[9] has no driver.
I20250701 02:08:32.042912 2183815 StaBuildGraph.cc:332] build graph end
I20250701 02:08:32.045385 2183815 Sta.cc:2616] update timing start
I20250701 02:08:32.045805 2183815 StaApplySdc.cc:694] apply sdc start
I20250701 02:08:32.045821 2183815 StaApplySdc.cc:725] apply sdc end
I20250701 02:08:32.045825 2183815 StaClockPropagation.cc:324] ideal clock propagation start
I20250701 02:08:32.045828 2183815 StaClockPropagation.cc:354] clock propagation clock num: 1
I20250701 02:08:32.045856 2183815 StaClockPropagation.cc:203] clock propagate end to vertex u_skew_b.zero_cnt_$_DFFE_PP0N__Q:CK
I20250701 02:08:32.046520 2183815 StaClockPropagation.cc:422] ideal clock propagation end
I20250701 02:08:32.046525 2183815 StaCheck.cc:129] found loop fwd start
I20250701 02:08:32.047330 2183815 StaCheck.cc:148] found loop fwd end
I20250701 02:08:32.047336 2183815 StaCheck.cc:150] found loop bwd start
I20250701 02:08:32.047952 2183815 StaCheck.cc:172] found loop bwd end
I20250701 02:08:32.047999 2183815 StaClockSlewDelayPropagation.cc:107] clock slew delay propagation start
I20250701 02:08:32.048007 2183815 StaClockSlewDelayPropagation.cc:125] propagating current clock queue vertexes number is 1
I20250701 02:08:32.048074 2183815 StaClockSlewDelayPropagation.cc:125] propagating current clock queue vertexes number is 66
I20250701 02:08:32.048346 2183815 StaClockSlewDelayPropagation.cc:125] propagating current clock queue vertexes number is 23
I20250701 02:08:32.048543 2183815 StaClockSlewDelayPropagation.cc:125] propagating current clock queue vertexes number is 227
I20250701 02:08:32.049897 2183815 StaClockSlewDelayPropagation.cc:158] clock slew delay propagation end
I20250701 02:08:32.049935 2183815 StaClockSlewDelayPropagation.cc:161] clock slew delay propagation memory usage 0MB
I20250701 02:08:32.049947 2183815 StaClockSlewDelayPropagation.cc:164] clock slew delay propagation time elapsed 0.001948s
I20250701 02:08:32.050896 2183815 StaClockPropagation.cc:326] propagated(kNormal) clock propagation start
I20250701 02:08:32.050906 2183815 StaClockPropagation.cc:354] clock propagation clock num: 1
I20250701 02:08:32.050911 2183815 StaClockPropagation.cc:424] propagated(kNormal) clock propagation end
I20250701 02:08:32.050916 2183815 StaApplySdc.cc:694] apply sdc start
I20250701 02:08:32.050920 2183815 StaApplySdc.cc:725] apply sdc end
I20250701 02:08:32.050925 2183815 StaClockPropagation.cc:328] propagated(kGenerated) clock propagation start
I20250701 02:08:32.050927 2183815 StaClockPropagation.cc:354] clock propagation clock num: 1
I20250701 02:08:32.050931 2183815 StaClockPropagation.cc:426] propagated(kGenerated) clock propagation end
I20250701 02:08:32.050935 2183815 StaApplySdc.cc:694] apply sdc start
I20250701 02:08:32.050938 2183815 StaApplySdc.cc:725] apply sdc end
I20250701 02:08:32.050943 2183815 StaBuildPropTag.cc:325] build propagation tag start
I20250701 02:08:32.050948 2183815 StaDataPropagation.cc:676] data fwd propagation start
I20250701 02:08:32.050974 2183815 StaDataPropagationBFS.cc:166] data fwd propagation bfs start
I20250701 02:08:32.051451 2183815 StaDataPropagationBFS.cc:190] propagating current data queue vertexes number is 848
I20250701 02:08:32.053853 2184881 StaDataPropagationBFS.cc:82] Thread 133448039458496 date fwd propagate found start vertex.main_ram_a_q[0]
I20250701 02:08:32.053877 2184846 StaDataPropagationBFS.cc:82] Thread 133448358381248 date fwd propagate found start vertex.main_ram_a_q[12]
E20250701 02:08:32.055085 2184884 Lib.cc:181] Warning: val outside table ranges:  val = 0; min_val = 0.00117378; max_val = 0.198535
I20250701 02:08:32.054015 2184863 StaDataPropagationBFS.cc:82] Thread 133448224097984 date fwd propagate found start vertex.main_ram_a_q[17]
I20250701 02:08:32.054025 2184864 StaDataPropagationBFS.cc:82] Thread 133448215705280 date fwd propagate found start vertex.main_ram_a_q[18]
E20250701 02:08:32.055193 2184855 Lib.cc:181] Warning: val outside table ranges:  val = 0; min_val = 0.00117378; max_val = 0.198535
E20250701 02:08:32.055070 2184882 Lib.cc:181] Warning: val outside table ranges:  val = 0; min_val = 0.00117378; max_val = 0.198535
I20250701 02:08:32.053882 2184837 StaDataPropagationBFS.cc:82] Thread 133448425522880 date fwd propagate found start vertex.main_ram_a_q[13]
I20250701 02:08:32.053912 2184840 StaDataPropagationBFS.cc:82] Thread 133448400344768 date fwd propagate found start vertex.main_ram_a_q[14]
I20250701 02:08:32.053917 2184865 StaDataPropagationBFS.cc:82] Thread 133448207312576 date fwd propagate found start vertex.main_ram_a_q[15]
E20250701 02:08:32.055070 2184846 Lib.cc:181] Warning: val outside table ranges:  val = 0; min_val = 0.00117378; max_val = 0.198535
I20250701 02:08:32.053942 2184862 StaDataPropagationBFS.cc:82] Thread 133448232490688 date fwd propagate found start vertex.main_ram_a_q[16]
E20250701 02:08:32.055132 2184834 Lib.cc:181] Warning: val outside table ranges:  val = 0; min_val = 0.00117378; max_val = 0.198535
E20250701 02:08:32.055155 2184858 Lib.cc:181] Warning: val outside table ranges:  val = 0; min_val = 0.00117378; max_val = 0.198535
E20250701 02:08:32.055172 2184852 Lib.cc:181] Warning: val outside table ranges:  val = 0; min_val = 0.00117378; max_val = 0.198535
E20250701 02:08:32.055186 2184842 Lib.cc:181] Warning: val outside table ranges:  val = 0; min_val = 0.00117378; max_val = 0.198535
E20250701 02:08:32.055207 2184884 Lib.cc:181] Warning: val outside table ranges:  val = 0; min_val = 0.00117378; max_val = 0.198535
E20250701 02:08:32.055225 2184881 Lib.cc:181] Warning: val outside table ranges:  val = 0; min_val = 0.00117378; max_val = 0.198535
I20250701 02:08:32.053870 2184876 StaDataPropagationBFS.cc:82] Thread 133448114992832 date fwd propagate found start vertex.main_ram_a_q[11]
I20250701 02:08:32.053866 2184844 StaDataPropagationBFS.cc:82] Thread 133448375166656 date fwd propagate found start vertex.main_ram_a_q[10]
I20250701 02:08:32.062357 2183815 StaDataPropagationBFS.cc:190] propagating current data queue vertexes number is 1374
I20250701 02:08:32.072105 2183815 StaDataPropagationBFS.cc:190] propagating current data queue vertexes number is 1320
I20250701 02:08:32.078837 2183815 StaDataPropagationBFS.cc:190] propagating current data queue vertexes number is 833
I20250701 02:08:32.082484 2183815 StaDataPropagationBFS.cc:190] propagating current data queue vertexes number is 814
I20250701 02:08:32.086954 2183815 StaDataPropagationBFS.cc:190] propagating current data queue vertexes number is 95
I20250701 02:08:32.089763 2183815 StaDataPropagationBFS.cc:190] propagating current data queue vertexes number is 306
I20250701 02:08:32.093051 2183815 StaDataPropagationBFS.cc:190] propagating current data queue vertexes number is 126
I20250701 02:08:32.096370 2183815 StaDataPropagationBFS.cc:190] propagating current data queue vertexes number is 239
I20250701 02:08:32.104319 2183815 StaDataPropagationBFS.cc:190] propagating current data queue vertexes number is 117
I20250701 02:08:32.107072 2183815 StaDataPropagationBFS.cc:190] propagating current data queue vertexes number is 149
I20250701 02:08:32.110134 2183815 StaDataPropagationBFS.cc:190] propagating current data queue vertexes number is 48
I20250701 02:08:32.113962 2183815 StaDataPropagationBFS.cc:190] propagating current data queue vertexes number is 75
I20250701 02:08:32.116467 2183815 StaDataPropagationBFS.cc:190] propagating current data queue vertexes number is 52
I20250701 02:08:32.118700 2183815 StaDataPropagationBFS.cc:190] propagating current data queue vertexes number is 93
I20250701 02:08:32.121464 2183815 StaDataPropagationBFS.cc:190] propagating current data queue vertexes number is 76
I20250701 02:08:32.123553 2183815 StaDataPropagationBFS.cc:190] propagating current data queue vertexes number is 85
I20250701 02:08:32.125766 2183815 StaDataPropagationBFS.cc:190] propagating current data queue vertexes number is 18
I20250701 02:08:32.127945 2183815 StaDataPropagationBFS.cc:190] propagating current data queue vertexes number is 20
I20250701 02:08:32.130321 2183815 StaDataPropagationBFS.cc:190] propagating current data queue vertexes number is 7
I20250701 02:08:32.132730 2183815 StaDataPropagationBFS.cc:190] propagating current data queue vertexes number is 7
I20250701 02:08:32.135381 2183815 StaDataPropagationBFS.cc:190] propagating current data queue vertexes number is 3
I20250701 02:08:32.141758 2183815 StaDataPropagationBFS.cc:190] propagating current data queue vertexes number is 3
I20250701 02:08:32.146665 2183815 StaDataPropagationBFS.cc:229] data fwd propagation bfs end
I20250701 02:08:32.146739 2183815 StaDataPropagationBFS.cc:232] data fwd propagation bfs memory usage 2504.73MB
I20250701 02:08:32.146751 2183815 StaDataPropagationBFS.cc:234] data fwd propagation bfs time elapsed 0.095777s
I20250701 02:08:32.146757 2183815 StaDataPropagation.cc:695] data fwd propagation end
I20250701 02:08:32.146761 2183815 StaDataPropagation.cc:676] data fwd propagation start
I20250701 02:08:32.146781 2183815 StaDataPropagationBFS.cc:166] data fwd propagation bfs start
I20250701 02:08:32.147219 2183815 StaDataPropagationBFS.cc:190] propagating current data queue vertexes number is 0
I20250701 02:08:32.151028 2183815 StaDataPropagationBFS.cc:229] data fwd propagation bfs end
I20250701 02:08:32.151093 2183815 StaDataPropagationBFS.cc:232] data fwd propagation bfs memory usage 0MB
I20250701 02:08:32.151103 2183815 StaDataPropagationBFS.cc:234] data fwd propagation bfs time elapsed 0.004321s
I20250701 02:08:32.151108 2183815 StaDataPropagation.cc:695] data fwd propagation end
I20250701 02:08:32.151111 2183815 StaAnalyze.cc:543] analyze timing path start
I20250701 02:08:32.151125 2183815 StaAnalyze.cc:551] analyze timing path end vertex 1 total 1693 start
E20250701 02:08:32.151130 2183815 StaAnalyze.cc:328] The output port addr_to_buffer_a_read[0] is not constrained
E20250701 02:08:32.151134 2183815 StaAnalyze.cc:328] The output port addr_to_buffer_a_read[0] is not constrained
I20250701 02:08:32.151136 2183815 StaAnalyze.cc:585] analyze timing path end vertex 1 total 1693 end
E20250701 02:08:32.151139 2183815 StaAnalyze.cc:328] The output port addr_to_buffer_a_read[1] is not constrained
E20250701 02:08:32.151140 2183815 StaAnalyze.cc:328] The output port addr_to_buffer_a_read[1] is not constrained
E20250701 02:08:32.151144 2183815 StaAnalyze.cc:328] The output port addr_to_buffer_a_read[2] is not constrained
E20250701 02:08:32.151145 2183815 StaAnalyze.cc:328] The output port addr_to_buffer_a_read[2] is not constrained
E20250701 02:08:32.151147 2183815 StaAnalyze.cc:328] The output port addr_to_buffer_a_write[0] is not constrained
E20250701 02:08:32.151149 2183815 StaAnalyze.cc:328] The output port addr_to_buffer_a_write[0] is not constrained
E20250701 02:08:32.151151 2183815 StaAnalyze.cc:328] The output port addr_to_buffer_a_write[1] is not constrained
E20250701 02:08:32.151154 2183815 StaAnalyze.cc:328] The output port addr_to_buffer_a_write[1] is not constrained
I20250701 02:08:32.151157 2183815 StaAnalyze.cc:551] analyze timing path end vertex 11 total 1693 start
I20250701 02:08:32.151160 2183815 StaAnalyze.cc:585] analyze timing path end vertex 11 total 1693 end
I20250701 02:08:32.151162 2183815 StaAnalyze.cc:551] analyze timing path end vertex 21 total 1693 start
I20250701 02:08:32.151165 2183815 StaAnalyze.cc:585] analyze timing path end vertex 21 total 1693 end
I20250701 02:08:32.151168 2183815 StaAnalyze.cc:551] analyze timing path end vertex 31 total 1693 start
I20250701 02:08:32.151170 2183815 StaAnalyze.cc:585] analyze timing path end vertex 31 total 1693 end
I20250701 02:08:32.151173 2183815 StaAnalyze.cc:551] analyze timing path end vertex 41 total 1693 start
I20250701 02:08:32.151176 2183815 StaAnalyze.cc:585] analyze timing path end vertex 41 total 1693 end
I20250701 02:08:32.151180 2183815 StaAnalyze.cc:551] analyze timing path end vertex 51 total 1693 start
I20250701 02:08:32.151181 2183815 StaAnalyze.cc:585] analyze timing path end vertex 51 total 1693 end
I20250701 02:08:32.151185 2183815 StaAnalyze.cc:551] analyze timing path end vertex 61 total 1693 start
I20250701 02:08:32.151186 2183815 StaAnalyze.cc:585] analyze timing path end vertex 61 total 1693 end
I20250701 02:08:32.151190 2183815 StaAnalyze.cc:551] analyze timing path end vertex 71 total 1693 start
I20250701 02:08:32.151192 2183815 StaAnalyze.cc:585] analyze timing path end vertex 71 total 1693 end
I20250701 02:08:32.151196 2183815 StaAnalyze.cc:551] analyze timing path end vertex 81 total 1693 start
I20250701 02:08:32.151198 2183815 StaAnalyze.cc:585] analyze timing path end vertex 81 total 1693 end
I20250701 02:08:32.151201 2183815 StaAnalyze.cc:551] analyze timing path end vertex 91 total 1693 start
I20250701 02:08:32.151203 2183815 StaAnalyze.cc:585] analyze timing path end vertex 91 total 1693 end
I20250701 02:08:32.151207 2183815 StaAnalyze.cc:551] analyze timing path end vertex 101 total 1693 start
I20250701 02:08:32.151209 2183815 StaAnalyze.cc:585] analyze timing path end vertex 101 total 1693 end
I20250701 02:08:32.151212 2183815 StaAnalyze.cc:551] analyze timing path end vertex 111 total 1693 start
I20250701 02:08:32.151214 2183815 StaAnalyze.cc:585] analyze timing path end vertex 111 total 1693 end
I20250701 02:08:32.151218 2183815 StaAnalyze.cc:551] analyze timing path end vertex 121 total 1693 start
I20250701 02:08:32.151221 2183815 StaAnalyze.cc:585] analyze timing path end vertex 121 total 1693 end
I20250701 02:08:32.151224 2183815 StaAnalyze.cc:551] analyze timing path end vertex 131 total 1693 start
I20250701 02:08:32.151226 2183815 StaAnalyze.cc:585] analyze timing path end vertex 131 total 1693 end
I20250701 02:08:32.151229 2183815 StaAnalyze.cc:551] analyze timing path end vertex 141 total 1693 start
I20250701 02:08:32.151232 2183815 StaAnalyze.cc:585] analyze timing path end vertex 141 total 1693 end
I20250701 02:08:32.151235 2183815 StaAnalyze.cc:551] analyze timing path end vertex 151 total 1693 start
I20250701 02:08:32.151237 2183815 StaAnalyze.cc:585] analyze timing path end vertex 151 total 1693 end
I20250701 02:08:32.151240 2183815 StaAnalyze.cc:551] analyze timing path end vertex 161 total 1693 start
I20250701 02:08:32.151243 2183815 StaAnalyze.cc:585] analyze timing path end vertex 161 total 1693 end
I20250701 02:08:32.151252 2183815 StaAnalyze.cc:551] analyze timing path end vertex 171 total 1693 start
I20250701 02:08:32.151254 2183815 StaAnalyze.cc:585] analyze timing path end vertex 171 total 1693 end
I20250701 02:08:32.151257 2183815 StaAnalyze.cc:551] analyze timing path end vertex 181 total 1693 start
I20250701 02:08:32.151259 2183815 StaAnalyze.cc:585] analyze timing path end vertex 181 total 1693 end
I20250701 02:08:32.151262 2183815 StaAnalyze.cc:551] analyze timing path end vertex 191 total 1693 start
I20250701 02:08:32.151265 2183815 StaAnalyze.cc:585] analyze timing path end vertex 191 total 1693 end
I20250701 02:08:32.151268 2183815 StaAnalyze.cc:551] analyze timing path end vertex 201 total 1693 start
I20250701 02:08:32.151270 2183815 StaAnalyze.cc:585] analyze timing path end vertex 201 total 1693 end
I20250701 02:08:32.151273 2183815 StaAnalyze.cc:551] analyze timing path end vertex 211 total 1693 start
I20250701 02:08:32.151275 2183815 StaAnalyze.cc:585] analyze timing path end vertex 211 total 1693 end
I20250701 02:08:32.151278 2183815 StaAnalyze.cc:551] analyze timing path end vertex 221 total 1693 start
I20250701 02:08:32.151281 2183815 StaAnalyze.cc:585] analyze timing path end vertex 221 total 1693 end
I20250701 02:08:32.151284 2183815 StaAnalyze.cc:551] analyze timing path end vertex 231 total 1693 start
I20250701 02:08:32.151286 2183815 StaAnalyze.cc:585] analyze timing path end vertex 231 total 1693 end
I20250701 02:08:32.151289 2183815 StaAnalyze.cc:551] analyze timing path end vertex 241 total 1693 start
I20250701 02:08:32.151291 2183815 StaAnalyze.cc:585] analyze timing path end vertex 241 total 1693 end
I20250701 02:08:32.151295 2183815 StaAnalyze.cc:551] analyze timing path end vertex 251 total 1693 start
I20250701 02:08:32.151299 2183815 StaAnalyze.cc:585] analyze timing path end vertex 251 total 1693 end
I20250701 02:08:32.151302 2183815 StaAnalyze.cc:551] analyze timing path end vertex 261 total 1693 start
I20250701 02:08:32.151304 2183815 StaAnalyze.cc:585] analyze timing path end vertex 261 total 1693 end
I20250701 02:08:32.151307 2183815 StaAnalyze.cc:551] analyze timing path end vertex 271 total 1693 start
I20250701 02:08:32.151309 2183815 StaAnalyze.cc:585] analyze timing path end vertex 271 total 1693 end
I20250701 02:08:32.151314 2183815 StaAnalyze.cc:551] analyze timing path end vertex 281 total 1693 start
I20250701 02:08:32.151315 2183815 StaAnalyze.cc:585] analyze timing path end vertex 281 total 1693 end
I20250701 02:08:32.151319 2183815 StaAnalyze.cc:551] analyze timing path end vertex 291 total 1693 start
I20250701 02:08:32.151320 2183815 StaAnalyze.cc:585] analyze timing path end vertex 291 total 1693 end
I20250701 02:08:32.151324 2183815 StaAnalyze.cc:551] analyze timing path end vertex 301 total 1693 start
I20250701 02:08:32.151326 2183815 StaAnalyze.cc:585] analyze timing path end vertex 301 total 1693 end
I20250701 02:08:32.151329 2183815 StaAnalyze.cc:551] analyze timing path end vertex 311 total 1693 start
I20250701 02:08:32.151331 2183815 StaAnalyze.cc:585] analyze timing path end vertex 311 total 1693 end
I20250701 02:08:32.151335 2183815 StaAnalyze.cc:551] analyze timing path end vertex 321 total 1693 start
I20250701 02:08:32.151337 2183815 StaAnalyze.cc:585] analyze timing path end vertex 321 total 1693 end
I20250701 02:08:32.151340 2183815 StaAnalyze.cc:551] analyze timing path end vertex 331 total 1693 start
I20250701 02:08:32.151342 2183815 StaAnalyze.cc:585] analyze timing path end vertex 331 total 1693 end
I20250701 02:08:32.151345 2183815 StaAnalyze.cc:551] analyze timing path end vertex 341 total 1693 start
I20250701 02:08:32.151347 2183815 StaAnalyze.cc:585] analyze timing path end vertex 341 total 1693 end
I20250701 02:08:32.151350 2183815 StaAnalyze.cc:551] analyze timing path end vertex 351 total 1693 start
I20250701 02:08:32.151353 2183815 StaAnalyze.cc:585] analyze timing path end vertex 351 total 1693 end
I20250701 02:08:32.151356 2183815 StaAnalyze.cc:551] analyze timing path end vertex 361 total 1693 start
I20250701 02:08:32.151358 2183815 StaAnalyze.cc:585] analyze timing path end vertex 361 total 1693 end
I20250701 02:08:32.151361 2183815 StaAnalyze.cc:551] analyze timing path end vertex 371 total 1693 start
I20250701 02:08:32.151363 2183815 StaAnalyze.cc:585] analyze timing path end vertex 371 total 1693 end
I20250701 02:08:32.151367 2183815 StaAnalyze.cc:551] analyze timing path end vertex 381 total 1693 start
I20250701 02:08:32.151369 2183815 StaAnalyze.cc:585] analyze timing path end vertex 381 total 1693 end
I20250701 02:08:32.151372 2183815 StaAnalyze.cc:551] analyze timing path end vertex 391 total 1693 start
I20250701 02:08:32.151374 2183815 StaAnalyze.cc:585] analyze timing path end vertex 391 total 1693 end
I20250701 02:08:32.151377 2183815 StaAnalyze.cc:551] analyze timing path end vertex 401 total 1693 start
I20250701 02:08:32.151379 2183815 StaAnalyze.cc:585] analyze timing path end vertex 401 total 1693 end
I20250701 02:08:32.151383 2183815 StaAnalyze.cc:551] analyze timing path end vertex 411 total 1693 start
I20250701 02:08:32.151386 2183815 StaAnalyze.cc:585] analyze timing path end vertex 411 total 1693 end
I20250701 02:08:32.151391 2183815 StaAnalyze.cc:551] analyze timing path end vertex 421 total 1693 start
I20250701 02:08:32.151394 2183815 StaAnalyze.cc:585] analyze timing path end vertex 421 total 1693 end
I20250701 02:08:32.151398 2183815 StaAnalyze.cc:551] analyze timing path end vertex 431 total 1693 start
I20250701 02:08:32.151401 2183815 StaAnalyze.cc:585] analyze timing path end vertex 431 total 1693 end
I20250701 02:08:32.151405 2183815 StaAnalyze.cc:551] analyze timing path end vertex 441 total 1693 start
I20250701 02:08:32.151408 2183815 StaAnalyze.cc:585] analyze timing path end vertex 441 total 1693 end
I20250701 02:08:32.151418 2183815 StaAnalyze.cc:551] analyze timing path end vertex 451 total 1693 start
I20250701 02:08:32.151423 2183815 StaAnalyze.cc:585] analyze timing path end vertex 451 total 1693 end
I20250701 02:08:32.151427 2183815 StaAnalyze.cc:551] analyze timing path end vertex 461 total 1693 start
I20250701 02:08:32.151432 2183815 StaAnalyze.cc:585] analyze timing path end vertex 461 total 1693 end
I20250701 02:08:32.151437 2183815 StaAnalyze.cc:551] analyze timing path end vertex 471 total 1693 start
I20250701 02:08:32.151441 2183815 StaAnalyze.cc:585] analyze timing path end vertex 471 total 1693 end
I20250701 02:08:32.151446 2183815 StaAnalyze.cc:551] analyze timing path end vertex 481 total 1693 start
I20250701 02:08:32.151450 2183815 StaAnalyze.cc:585] analyze timing path end vertex 481 total 1693 end
I20250701 02:08:32.151455 2183815 StaAnalyze.cc:551] analyze timing path end vertex 491 total 1693 start
I20250701 02:08:32.151458 2183815 StaAnalyze.cc:585] analyze timing path end vertex 491 total 1693 end
I20250701 02:08:32.151463 2183815 StaAnalyze.cc:551] analyze timing path end vertex 501 total 1693 start
I20250701 02:08:32.151466 2183815 StaAnalyze.cc:585] analyze timing path end vertex 501 total 1693 end
I20250701 02:08:32.151471 2183815 StaAnalyze.cc:551] analyze timing path end vertex 511 total 1693 start
I20250701 02:08:32.151475 2183815 StaAnalyze.cc:585] analyze timing path end vertex 511 total 1693 end
I20250701 02:08:32.151480 2183815 StaAnalyze.cc:551] analyze timing path end vertex 521 total 1693 start
I20250701 02:08:32.151485 2183815 StaAnalyze.cc:585] analyze timing path end vertex 521 total 1693 end
I20250701 02:08:32.151490 2183815 StaAnalyze.cc:551] analyze timing path end vertex 531 total 1693 start
I20250701 02:08:32.151494 2183815 StaAnalyze.cc:585] analyze timing path end vertex 531 total 1693 end
I20250701 02:08:32.151499 2183815 StaAnalyze.cc:551] analyze timing path end vertex 541 total 1693 start
I20250701 02:08:32.151504 2183815 StaAnalyze.cc:585] analyze timing path end vertex 541 total 1693 end
I20250701 02:08:32.151508 2183815 StaAnalyze.cc:551] analyze timing path end vertex 551 total 1693 start
I20250701 02:08:32.151512 2183815 StaAnalyze.cc:585] analyze timing path end vertex 551 total 1693 end
I20250701 02:08:32.151517 2183815 StaAnalyze.cc:551] analyze timing path end vertex 561 total 1693 start
I20250701 02:08:32.151520 2183815 StaAnalyze.cc:585] analyze timing path end vertex 561 total 1693 end
I20250701 02:08:32.151525 2183815 StaAnalyze.cc:551] analyze timing path end vertex 571 total 1693 start
I20250701 02:08:32.151528 2183815 StaAnalyze.cc:585] analyze timing path end vertex 571 total 1693 end
I20250701 02:08:32.151532 2183815 StaAnalyze.cc:551] analyze timing path end vertex 581 total 1693 start
I20250701 02:08:32.151535 2183815 StaAnalyze.cc:585] analyze timing path end vertex 581 total 1693 end
I20250701 02:08:32.151540 2183815 StaAnalyze.cc:551] analyze timing path end vertex 591 total 1693 start
I20250701 02:08:32.151542 2183815 StaAnalyze.cc:585] analyze timing path end vertex 591 total 1693 end
I20250701 02:08:32.151546 2183815 StaAnalyze.cc:551] analyze timing path end vertex 601 total 1693 start
I20250701 02:08:32.151551 2183815 StaAnalyze.cc:585] analyze timing path end vertex 601 total 1693 end
I20250701 02:08:32.151556 2183815 StaAnalyze.cc:551] analyze timing path end vertex 611 total 1693 start
I20250701 02:08:32.151559 2183815 StaAnalyze.cc:585] analyze timing path end vertex 611 total 1693 end
I20250701 02:08:32.151564 2183815 StaAnalyze.cc:551] analyze timing path end vertex 621 total 1693 start
I20250701 02:08:32.151568 2183815 StaAnalyze.cc:585] analyze timing path end vertex 621 total 1693 end
I20250701 02:08:32.151574 2183815 StaAnalyze.cc:551] analyze timing path end vertex 631 total 1693 start
I20250701 02:08:32.151577 2183815 StaAnalyze.cc:585] analyze timing path end vertex 631 total 1693 end
I20250701 02:08:32.151583 2183815 StaAnalyze.cc:551] analyze timing path end vertex 641 total 1693 start
I20250701 02:08:32.151587 2183815 StaAnalyze.cc:585] analyze timing path end vertex 641 total 1693 end
I20250701 02:08:32.151592 2183815 StaAnalyze.cc:551] analyze timing path end vertex 651 total 1693 start
I20250701 02:08:32.151595 2183815 StaAnalyze.cc:585] analyze timing path end vertex 651 total 1693 end
I20250701 02:08:32.151600 2183815 StaAnalyze.cc:551] analyze timing path end vertex 661 total 1693 start
I20250701 02:08:32.151604 2183815 StaAnalyze.cc:585] analyze timing path end vertex 661 total 1693 end
I20250701 02:08:32.151609 2183815 StaAnalyze.cc:551] analyze timing path end vertex 671 total 1693 start
I20250701 02:08:32.151613 2183815 StaAnalyze.cc:585] analyze timing path end vertex 671 total 1693 end
I20250701 02:08:32.151619 2183815 StaAnalyze.cc:551] analyze timing path end vertex 681 total 1693 start
I20250701 02:08:32.151623 2183815 StaAnalyze.cc:585] analyze timing path end vertex 681 total 1693 end
I20250701 02:08:32.151628 2183815 StaAnalyze.cc:551] analyze timing path end vertex 691 total 1693 start
I20250701 02:08:32.151633 2183815 StaAnalyze.cc:585] analyze timing path end vertex 691 total 1693 end
I20250701 02:08:32.151638 2183815 StaAnalyze.cc:551] analyze timing path end vertex 701 total 1693 start
I20250701 02:08:32.151641 2183815 StaAnalyze.cc:585] analyze timing path end vertex 701 total 1693 end
I20250701 02:08:32.151646 2183815 StaAnalyze.cc:551] analyze timing path end vertex 711 total 1693 start
I20250701 02:08:32.151650 2183815 StaAnalyze.cc:585] analyze timing path end vertex 711 total 1693 end
I20250701 02:08:32.151655 2183815 StaAnalyze.cc:551] analyze timing path end vertex 721 total 1693 start
I20250701 02:08:32.151659 2183815 StaAnalyze.cc:585] analyze timing path end vertex 721 total 1693 end
I20250701 02:08:32.151664 2183815 StaAnalyze.cc:551] analyze timing path end vertex 731 total 1693 start
I20250701 02:08:32.151669 2183815 StaAnalyze.cc:585] analyze timing path end vertex 731 total 1693 end
I20250701 02:08:32.151674 2183815 StaAnalyze.cc:551] analyze timing path end vertex 741 total 1693 start
I20250701 02:08:32.151677 2183815 StaAnalyze.cc:585] analyze timing path end vertex 741 total 1693 end
I20250701 02:08:32.151682 2183815 StaAnalyze.cc:551] analyze timing path end vertex 751 total 1693 start
I20250701 02:08:32.151686 2183815 StaAnalyze.cc:585] analyze timing path end vertex 751 total 1693 end
I20250701 02:08:32.151691 2183815 StaAnalyze.cc:551] analyze timing path end vertex 761 total 1693 start
I20250701 02:08:32.151695 2183815 StaAnalyze.cc:585] analyze timing path end vertex 761 total 1693 end
I20250701 02:08:32.151700 2183815 StaAnalyze.cc:551] analyze timing path end vertex 771 total 1693 start
I20250701 02:08:32.151705 2183815 StaAnalyze.cc:585] analyze timing path end vertex 771 total 1693 end
I20250701 02:08:32.151710 2183815 StaAnalyze.cc:551] analyze timing path end vertex 781 total 1693 start
I20250701 02:08:32.151713 2183815 StaAnalyze.cc:585] analyze timing path end vertex 781 total 1693 end
I20250701 02:08:32.151718 2183815 StaAnalyze.cc:551] analyze timing path end vertex 791 total 1693 start
I20250701 02:08:32.151722 2183815 StaAnalyze.cc:585] analyze timing path end vertex 791 total 1693 end
I20250701 02:08:32.151727 2183815 StaAnalyze.cc:551] analyze timing path end vertex 801 total 1693 start
I20250701 02:08:32.151731 2183815 StaAnalyze.cc:585] analyze timing path end vertex 801 total 1693 end
I20250701 02:08:32.151737 2183815 StaAnalyze.cc:551] analyze timing path end vertex 811 total 1693 start
I20250701 02:08:32.151741 2183815 StaAnalyze.cc:585] analyze timing path end vertex 811 total 1693 end
I20250701 02:08:32.151746 2183815 StaAnalyze.cc:551] analyze timing path end vertex 821 total 1693 start
I20250701 02:08:32.151749 2183815 StaAnalyze.cc:585] analyze timing path end vertex 821 total 1693 end
I20250701 02:08:32.151754 2183815 StaAnalyze.cc:551] analyze timing path end vertex 831 total 1693 start
I20250701 02:08:32.151758 2183815 StaAnalyze.cc:585] analyze timing path end vertex 831 total 1693 end
I20250701 02:08:32.151764 2183815 StaAnalyze.cc:551] analyze timing path end vertex 841 total 1693 start
I20250701 02:08:32.151768 2183815 StaAnalyze.cc:585] analyze timing path end vertex 841 total 1693 end
I20250701 02:08:32.151773 2183815 StaAnalyze.cc:551] analyze timing path end vertex 851 total 1693 start
I20250701 02:08:32.151777 2183815 StaAnalyze.cc:585] analyze timing path end vertex 851 total 1693 end
I20250701 02:08:32.151782 2183815 StaAnalyze.cc:551] analyze timing path end vertex 861 total 1693 start
I20250701 02:08:32.151786 2183815 StaAnalyze.cc:585] analyze timing path end vertex 861 total 1693 end
I20250701 02:08:32.151791 2183815 StaAnalyze.cc:551] analyze timing path end vertex 871 total 1693 start
I20250701 02:08:32.151795 2183815 StaAnalyze.cc:585] analyze timing path end vertex 871 total 1693 end
I20250701 02:08:32.151800 2183815 StaAnalyze.cc:551] analyze timing path end vertex 881 total 1693 start
I20250701 02:08:32.151804 2183815 StaAnalyze.cc:585] analyze timing path end vertex 881 total 1693 end
I20250701 02:08:32.151809 2183815 StaAnalyze.cc:551] analyze timing path end vertex 891 total 1693 start
I20250701 02:08:32.151813 2183815 StaAnalyze.cc:585] analyze timing path end vertex 891 total 1693 end
I20250701 02:08:32.151818 2183815 StaAnalyze.cc:551] analyze timing path end vertex 901 total 1693 start
I20250701 02:08:32.151822 2183815 StaAnalyze.cc:585] analyze timing path end vertex 901 total 1693 end
I20250701 02:08:32.151827 2183815 StaAnalyze.cc:551] analyze timing path end vertex 911 total 1693 start
I20250701 02:08:32.151831 2183815 StaAnalyze.cc:585] analyze timing path end vertex 911 total 1693 end
I20250701 02:08:32.151836 2183815 StaAnalyze.cc:551] analyze timing path end vertex 921 total 1693 start
I20250701 02:08:32.151840 2183815 StaAnalyze.cc:585] analyze timing path end vertex 921 total 1693 end
I20250701 02:08:32.151845 2183815 StaAnalyze.cc:551] analyze timing path end vertex 931 total 1693 start
I20250701 02:08:32.151849 2183815 StaAnalyze.cc:585] analyze timing path end vertex 931 total 1693 end
I20250701 02:08:32.151854 2183815 StaAnalyze.cc:551] analyze timing path end vertex 941 total 1693 start
I20250701 02:08:32.151858 2183815 StaAnalyze.cc:585] analyze timing path end vertex 941 total 1693 end
I20250701 02:08:32.151863 2183815 StaAnalyze.cc:551] analyze timing path end vertex 951 total 1693 start
I20250701 02:08:32.151867 2183815 StaAnalyze.cc:585] analyze timing path end vertex 951 total 1693 end
I20250701 02:08:32.151873 2183815 StaAnalyze.cc:551] analyze timing path end vertex 961 total 1693 start
I20250701 02:08:32.151877 2183815 StaAnalyze.cc:585] analyze timing path end vertex 961 total 1693 end
I20250701 02:08:32.151882 2183815 StaAnalyze.cc:551] analyze timing path end vertex 971 total 1693 start
I20250701 02:08:32.151886 2183815 StaAnalyze.cc:585] analyze timing path end vertex 971 total 1693 end
I20250701 02:08:32.151891 2183815 StaAnalyze.cc:551] analyze timing path end vertex 981 total 1693 start
I20250701 02:08:32.151895 2183815 StaAnalyze.cc:585] analyze timing path end vertex 981 total 1693 end
I20250701 02:08:32.151901 2183815 StaAnalyze.cc:551] analyze timing path end vertex 991 total 1693 start
I20250701 02:08:32.151906 2183815 StaAnalyze.cc:585] analyze timing path end vertex 991 total 1693 end
I20250701 02:08:32.151911 2183815 StaAnalyze.cc:551] analyze timing path end vertex 1001 total 1693 start
I20250701 02:08:32.151914 2183815 StaAnalyze.cc:585] analyze timing path end vertex 1001 total 1693 end
I20250701 02:08:32.151919 2183815 StaAnalyze.cc:551] analyze timing path end vertex 1011 total 1693 start
I20250701 02:08:32.151923 2183815 StaAnalyze.cc:585] analyze timing path end vertex 1011 total 1693 end
I20250701 02:08:32.151928 2183815 StaAnalyze.cc:551] analyze timing path end vertex 1021 total 1693 start
I20250701 02:08:32.151932 2183815 StaAnalyze.cc:585] analyze timing path end vertex 1021 total 1693 end
I20250701 02:08:32.151937 2183815 StaAnalyze.cc:551] analyze timing path end vertex 1031 total 1693 start
I20250701 02:08:32.151942 2183815 StaAnalyze.cc:585] analyze timing path end vertex 1031 total 1693 end
I20250701 02:08:32.151947 2183815 StaAnalyze.cc:551] analyze timing path end vertex 1041 total 1693 start
I20250701 02:08:32.151950 2183815 StaAnalyze.cc:585] analyze timing path end vertex 1041 total 1693 end
I20250701 02:08:32.151957 2183815 StaAnalyze.cc:551] analyze timing path end vertex 1051 total 1693 start
I20250701 02:08:32.151960 2183815 StaAnalyze.cc:585] analyze timing path end vertex 1051 total 1693 end
I20250701 02:08:32.151965 2183815 StaAnalyze.cc:551] analyze timing path end vertex 1061 total 1693 start
I20250701 02:08:32.151969 2183815 StaAnalyze.cc:585] analyze timing path end vertex 1061 total 1693 end
I20250701 02:08:32.151974 2183815 StaAnalyze.cc:551] analyze timing path end vertex 1071 total 1693 start
I20250701 02:08:32.151978 2183815 StaAnalyze.cc:585] analyze timing path end vertex 1071 total 1693 end
I20250701 02:08:32.151983 2183815 StaAnalyze.cc:551] analyze timing path end vertex 1081 total 1693 start
I20250701 02:08:32.151988 2183815 StaAnalyze.cc:585] analyze timing path end vertex 1081 total 1693 end
I20250701 02:08:32.151993 2183815 StaAnalyze.cc:551] analyze timing path end vertex 1091 total 1693 start
I20250701 02:08:32.151996 2183815 StaAnalyze.cc:585] analyze timing path end vertex 1091 total 1693 end
I20250701 02:08:32.152002 2183815 StaAnalyze.cc:551] analyze timing path end vertex 1101 total 1693 start
I20250701 02:08:32.152006 2183815 StaAnalyze.cc:585] analyze timing path end vertex 1101 total 1693 end
I20250701 02:08:32.152011 2183815 StaAnalyze.cc:551] analyze timing path end vertex 1111 total 1693 start
I20250701 02:08:32.152015 2183815 StaAnalyze.cc:585] analyze timing path end vertex 1111 total 1693 end
I20250701 02:08:32.152020 2183815 StaAnalyze.cc:551] analyze timing path end vertex 1121 total 1693 start
I20250701 02:08:32.152024 2183815 StaAnalyze.cc:585] analyze timing path end vertex 1121 total 1693 end
I20250701 02:08:32.152029 2183815 StaAnalyze.cc:551] analyze timing path end vertex 1131 total 1693 start
I20250701 02:08:32.152033 2183815 StaAnalyze.cc:585] analyze timing path end vertex 1131 total 1693 end
I20250701 02:08:32.152038 2183815 StaAnalyze.cc:551] analyze timing path end vertex 1141 total 1693 start
I20250701 02:08:32.152042 2183815 StaAnalyze.cc:585] analyze timing path end vertex 1141 total 1693 end
I20250701 02:08:32.152048 2183815 StaAnalyze.cc:551] analyze timing path end vertex 1151 total 1693 start
I20250701 02:08:32.152052 2183815 StaAnalyze.cc:585] analyze timing path end vertex 1151 total 1693 end
I20250701 02:08:32.152057 2183815 StaAnalyze.cc:551] analyze timing path end vertex 1161 total 1693 start
I20250701 02:08:32.152061 2183815 StaAnalyze.cc:585] analyze timing path end vertex 1161 total 1693 end
I20250701 02:08:32.152066 2183815 StaAnalyze.cc:551] analyze timing path end vertex 1171 total 1693 start
I20250701 02:08:32.152070 2183815 StaAnalyze.cc:585] analyze timing path end vertex 1171 total 1693 end
I20250701 02:08:32.152076 2183815 StaAnalyze.cc:551] analyze timing path end vertex 1181 total 1693 start
I20250701 02:08:32.152079 2183815 StaAnalyze.cc:585] analyze timing path end vertex 1181 total 1693 end
I20250701 02:08:32.152084 2183815 StaAnalyze.cc:551] analyze timing path end vertex 1191 total 1693 start
I20250701 02:08:32.152088 2183815 StaAnalyze.cc:585] analyze timing path end vertex 1191 total 1693 end
I20250701 02:08:32.152094 2183815 StaAnalyze.cc:551] analyze timing path end vertex 1201 total 1693 start
I20250701 02:08:32.152097 2183815 StaAnalyze.cc:585] analyze timing path end vertex 1201 total 1693 end
I20250701 02:08:32.152103 2183815 StaAnalyze.cc:551] analyze timing path end vertex 1211 total 1693 start
I20250701 02:08:32.152107 2183815 StaAnalyze.cc:585] analyze timing path end vertex 1211 total 1693 end
I20250701 02:08:32.152143 2183815 StaAnalyze.cc:303] add path data num 4 to u_skew_a.out_buf_d_$_DFFE_PP0P__Q_31:D
I20250701 02:08:32.152187 2183815 StaAnalyze.cc:551] analyze timing path end vertex 1221 total 1693 start
I20250701 02:08:32.152190 2183815 StaAnalyze.cc:585] analyze timing path end vertex 1221 total 1693 end
I20250701 02:08:32.152244 2183815 StaAnalyze.cc:551] analyze timing path end vertex 1231 total 1693 start
I20250701 02:08:32.152252 2183815 StaAnalyze.cc:585] analyze timing path end vertex 1231 total 1693 end
I20250701 02:08:32.152349 2183815 StaAnalyze.cc:551] analyze timing path end vertex 1241 total 1693 start
I20250701 02:08:32.152364 2183815 StaAnalyze.cc:585] analyze timing path end vertex 1241 total 1693 end
I20250701 02:08:32.152477 2183815 StaAnalyze.cc:551] analyze timing path end vertex 1251 total 1693 start
I20250701 02:08:32.152488 2183815 StaAnalyze.cc:585] analyze timing path end vertex 1251 total 1693 end
I20250701 02:08:32.152575 2183815 StaAnalyze.cc:551] analyze timing path end vertex 1261 total 1693 start
I20250701 02:08:32.152591 2183815 StaAnalyze.cc:585] analyze timing path end vertex 1261 total 1693 end
I20250701 02:08:32.152657 2183815 StaAnalyze.cc:551] analyze timing path end vertex 1271 total 1693 start
I20250701 02:08:32.152671 2183815 StaAnalyze.cc:585] analyze timing path end vertex 1271 total 1693 end
I20250701 02:08:32.152735 2183815 StaAnalyze.cc:551] analyze timing path end vertex 1281 total 1693 start
I20250701 02:08:32.152755 2183815 StaAnalyze.cc:585] analyze timing path end vertex 1281 total 1693 end
I20250701 02:08:32.152805 2183815 StaAnalyze.cc:303] add path data num 2 to u_central_control.clear_c_buf_$_DFF_PP0__Q:D
I20250701 02:08:32.152815 2183815 StaAnalyze.cc:551] analyze timing path end vertex 1291 total 1693 start
I20250701 02:08:32.152829 2183815 StaAnalyze.cc:585] analyze timing path end vertex 1291 total 1693 end
I20250701 02:08:32.152869 2183815 StaAnalyze.cc:551] analyze timing path end vertex 1301 total 1693 start
I20250701 02:08:32.152882 2183815 StaAnalyze.cc:585] analyze timing path end vertex 1301 total 1693 end
I20250701 02:08:32.152920 2183815 StaAnalyze.cc:551] analyze timing path end vertex 1311 total 1693 start
I20250701 02:08:32.152931 2183815 StaAnalyze.cc:585] analyze timing path end vertex 1311 total 1693 end
I20250701 02:08:32.153005 2183815 StaAnalyze.cc:551] analyze timing path end vertex 1321 total 1693 start
I20250701 02:08:32.153018 2183815 StaAnalyze.cc:585] analyze timing path end vertex 1321 total 1693 end
I20250701 02:08:32.153084 2183815 StaAnalyze.cc:551] analyze timing path end vertex 1331 total 1693 start
I20250701 02:08:32.153098 2183815 StaAnalyze.cc:585] analyze timing path end vertex 1331 total 1693 end
I20250701 02:08:32.153146 2183815 StaAnalyze.cc:303] add path data num 4 to u_central_control.tile_i_cnt_$_DFFE_PP0P__Q_6:D
I20250701 02:08:32.153158 2183815 StaAnalyze.cc:551] analyze timing path end vertex 1341 total 1693 start
I20250701 02:08:32.153177 2183815 StaAnalyze.cc:585] analyze timing path end vertex 1341 total 1693 end
I20250701 02:08:32.153234 2183815 StaAnalyze.cc:551] analyze timing path end vertex 1351 total 1693 start
I20250701 02:08:32.153255 2183815 StaAnalyze.cc:585] analyze timing path end vertex 1351 total 1693 end
I20250701 02:08:32.153314 2183815 StaAnalyze.cc:551] analyze timing path end vertex 1361 total 1693 start
I20250701 02:08:32.153330 2183815 StaAnalyze.cc:585] analyze timing path end vertex 1361 total 1693 end
I20250701 02:08:32.153419 2183815 StaAnalyze.cc:551] analyze timing path end vertex 1371 total 1693 start
I20250701 02:08:32.153451 2183815 StaAnalyze.cc:585] analyze timing path end vertex 1371 total 1693 end
I20250701 02:08:32.153512 2183815 StaAnalyze.cc:551] analyze timing path end vertex 1381 total 1693 start
I20250701 02:08:32.153515 2183815 StaAnalyze.cc:585] analyze timing path end vertex 1381 total 1693 end
I20250701 02:08:32.153576 2183815 StaAnalyze.cc:303] add path data num 4 to u_skew_a.in_buff_$_DFFE_PP__Q_13:D
I20250701 02:08:32.153594 2183815 StaAnalyze.cc:551] analyze timing path end vertex 1391 total 1693 start
I20250701 02:08:32.153606 2183815 StaAnalyze.cc:585] analyze timing path end vertex 1391 total 1693 end
I20250701 02:08:32.153685 2183815 StaAnalyze.cc:551] analyze timing path end vertex 1401 total 1693 start
I20250701 02:08:32.153695 2183815 StaAnalyze.cc:585] analyze timing path end vertex 1401 total 1693 end
I20250701 02:08:32.153776 2183815 StaAnalyze.cc:551] analyze timing path end vertex 1411 total 1693 start
I20250701 02:08:32.153787 2183815 StaAnalyze.cc:585] analyze timing path end vertex 1411 total 1693 end
I20250701 02:08:32.153852 2183815 StaAnalyze.cc:551] analyze timing path end vertex 1421 total 1693 start
I20250701 02:08:32.153856 2183815 StaAnalyze.cc:585] analyze timing path end vertex 1421 total 1693 end
I20250701 02:08:32.153947 2183815 StaAnalyze.cc:551] analyze timing path end vertex 1431 total 1693 start
I20250701 02:08:32.153964 2183815 StaAnalyze.cc:585] analyze timing path end vertex 1431 total 1693 end
I20250701 02:08:32.154008 2183815 StaAnalyze.cc:303] add path data num 0 to u_skew_a.in_ram_addr_$_DFFE_PP0P__Q_5:RN
I20250701 02:08:32.154062 2183815 StaAnalyze.cc:551] analyze timing path end vertex 1441 total 1693 start
I20250701 02:08:32.154063 2183815 StaAnalyze.cc:585] analyze timing path end vertex 1441 total 1693 end
I20250701 02:08:32.154114 2183815 StaAnalyze.cc:551] analyze timing path end vertex 1451 total 1693 start
I20250701 02:08:32.154117 2183815 StaAnalyze.cc:585] analyze timing path end vertex 1451 total 1693 end
I20250701 02:08:32.154167 2183815 StaAnalyze.cc:551] analyze timing path end vertex 1461 total 1693 start
I20250701 02:08:32.154170 2183815 StaAnalyze.cc:585] analyze timing path end vertex 1461 total 1693 end
I20250701 02:08:32.154217 2183815 StaAnalyze.cc:551] analyze timing path end vertex 1471 total 1693 start
I20250701 02:08:32.154219 2183815 StaAnalyze.cc:585] analyze timing path end vertex 1471 total 1693 end
I20250701 02:08:32.154264 2183815 StaAnalyze.cc:551] analyze timing path end vertex 1481 total 1693 start
I20250701 02:08:32.154268 2183815 StaAnalyze.cc:585] analyze timing path end vertex 1481 total 1693 end
I20250701 02:08:32.154305 2183815 StaAnalyze.cc:303] add path data num 0 to u_skew_a.out_buf_d_$_DFFE_PP0P__Q_24:RN
I20250701 02:08:32.154318 2183815 StaAnalyze.cc:551] analyze timing path end vertex 1491 total 1693 start
I20250701 02:08:32.154320 2183815 StaAnalyze.cc:585] analyze timing path end vertex 1491 total 1693 end
I20250701 02:08:32.154397 2183815 StaAnalyze.cc:551] analyze timing path end vertex 1501 total 1693 start
I20250701 02:08:32.154413 2183815 StaAnalyze.cc:585] analyze timing path end vertex 1501 total 1693 end
I20250701 02:08:32.154467 2183815 StaAnalyze.cc:551] analyze timing path end vertex 1511 total 1693 start
I20250701 02:08:32.154470 2183815 StaAnalyze.cc:585] analyze timing path end vertex 1511 total 1693 end
I20250701 02:08:32.154520 2183815 StaAnalyze.cc:551] analyze timing path end vertex 1521 total 1693 start
I20250701 02:08:32.154523 2183815 StaAnalyze.cc:585] analyze timing path end vertex 1521 total 1693 end
I20250701 02:08:32.154601 2183815 StaAnalyze.cc:551] analyze timing path end vertex 1531 total 1693 start
I20250701 02:08:32.154608 2183815 StaAnalyze.cc:585] analyze timing path end vertex 1531 total 1693 end
I20250701 02:08:32.154675 2183815 StaAnalyze.cc:303] add path data num 4 to u_skew_b.in_buff_$_DFFE_PP__Q_15:D
I20250701 02:08:32.154692 2183815 StaAnalyze.cc:551] analyze timing path end vertex 1541 total 1693 start
I20250701 02:08:32.154704 2183815 StaAnalyze.cc:585] analyze timing path end vertex 1541 total 1693 end
I20250701 02:08:32.154785 2183815 StaAnalyze.cc:551] analyze timing path end vertex 1551 total 1693 start
I20250701 02:08:32.154798 2183815 StaAnalyze.cc:585] analyze timing path end vertex 1551 total 1693 end
I20250701 02:08:32.154891 2183815 StaAnalyze.cc:551] analyze timing path end vertex 1561 total 1693 start
I20250701 02:08:32.154904 2183815 StaAnalyze.cc:585] analyze timing path end vertex 1561 total 1693 end
I20250701 02:08:32.155038 2183815 StaAnalyze.cc:551] analyze timing path end vertex 1571 total 1693 start
I20250701 02:08:32.155041 2183815 StaAnalyze.cc:585] analyze timing path end vertex 1571 total 1693 end
I20250701 02:08:32.155105 2183815 StaAnalyze.cc:551] analyze timing path end vertex 1581 total 1693 start
I20250701 02:08:32.155109 2183815 StaAnalyze.cc:585] analyze timing path end vertex 1581 total 1693 end
I20250701 02:08:32.155153 2183815 StaAnalyze.cc:303] add path data num 0 to u_skew_b.in_ram_addr_$_DFFE_PP0P__Q_6:RN
I20250701 02:08:32.155167 2183815 StaAnalyze.cc:551] analyze timing path end vertex 1591 total 1693 start
I20250701 02:08:32.155171 2183815 StaAnalyze.cc:585] analyze timing path end vertex 1591 total 1693 end
I20250701 02:08:32.155213 2183815 StaAnalyze.cc:551] analyze timing path end vertex 1601 total 1693 start
I20250701 02:08:32.155216 2183815 StaAnalyze.cc:585] analyze timing path end vertex 1601 total 1693 end
I20250701 02:08:32.155274 2183815 StaAnalyze.cc:551] analyze timing path end vertex 1611 total 1693 start
I20250701 02:08:32.155277 2183815 StaAnalyze.cc:585] analyze timing path end vertex 1611 total 1693 end
I20250701 02:08:32.155328 2183815 StaAnalyze.cc:551] analyze timing path end vertex 1621 total 1693 start
I20250701 02:08:32.155331 2183815 StaAnalyze.cc:585] analyze timing path end vertex 1621 total 1693 end
I20250701 02:08:32.155419 2183815 StaAnalyze.cc:551] analyze timing path end vertex 1631 total 1693 start
I20250701 02:08:32.155422 2183815 StaAnalyze.cc:585] analyze timing path end vertex 1631 total 1693 end
I20250701 02:08:32.155462 2183815 StaAnalyze.cc:303] add path data num 0 to u_skew_b.out_buf_d_$_DFFE_PP0P__Q_25:RN
I20250701 02:08:32.155474 2183815 StaAnalyze.cc:551] analyze timing path end vertex 1641 total 1693 start
I20250701 02:08:32.155479 2183815 StaAnalyze.cc:585] analyze timing path end vertex 1641 total 1693 end
I20250701 02:08:32.155527 2183815 StaAnalyze.cc:551] analyze timing path end vertex 1651 total 1693 start
I20250701 02:08:32.155530 2183815 StaAnalyze.cc:585] analyze timing path end vertex 1651 total 1693 end
I20250701 02:08:32.155575 2183815 StaAnalyze.cc:551] analyze timing path end vertex 1661 total 1693 start
I20250701 02:08:32.155577 2183815 StaAnalyze.cc:585] analyze timing path end vertex 1661 total 1693 end
I20250701 02:08:32.155647 2183815 StaAnalyze.cc:551] analyze timing path end vertex 1671 total 1693 start
I20250701 02:08:32.155650 2183815 StaAnalyze.cc:585] analyze timing path end vertex 1671 total 1693 end
I20250701 02:08:32.155702 2183815 StaAnalyze.cc:551] analyze timing path end vertex 1681 total 1693 start
I20250701 02:08:32.155705 2183815 StaAnalyze.cc:585] analyze timing path end vertex 1681 total 1693 end
I20250701 02:08:32.155746 2183815 StaAnalyze.cc:303] add path data num 0 to u_skew_b.zero_cnt_$_DFFE_PP0N__Q_1:RN
I20250701 02:08:32.155763 2183815 StaAnalyze.cc:551] analyze timing path end vertex 1691 total 1693 start
I20250701 02:08:32.155766 2183815 StaAnalyze.cc:585] analyze timing path end vertex 1691 total 1693 end
I20250701 02:08:32.155777 2183815 StaAnalyze.cc:589] analyze timing path end
I20250701 02:08:32.155781 2183815 StaApplySdc.cc:694] apply sdc start
I20250701 02:08:32.155786 2183815 StaApplySdc.cc:725] apply sdc end
I20250701 02:08:32.155787 2183815 StaDataPropagation.cc:698] data bwd propagation start
I20250701 02:08:32.157433 2183815 StaDataPropagation.cc:249] propagate start vertex u_skew_a.out_buf_d_$_DFFE_PP0P__Q_31:CK
I20250701 02:08:32.157451 2183815 StaDataPropagation.cc:172] Thread 133448476528704 data bwd propagate found end vertex.d_to_buffer_a[0]
I20250701 02:08:32.157461 2183815 StaDataPropagation.cc:172] Thread 133448476528704 data bwd propagate found end vertex.d_to_buffer_a[27]
I20250701 02:08:32.157469 2183815 StaDataPropagation.cc:172] Thread 133448476528704 data bwd propagate found end vertex.d_to_buffer_a[26]
I20250701 02:08:32.157476 2183815 StaDataPropagation.cc:172] Thread 133448476528704 data bwd propagate found end vertex.d_to_buffer_a[25]
I20250701 02:08:32.157495 2183815 StaDataPropagation.cc:172] Thread 133448476528704 data bwd propagate found end vertex.d_to_buffer_a[24]
I20250701 02:08:32.157505 2183815 StaDataPropagation.cc:172] Thread 133448476528704 data bwd propagate found end vertex.d_to_buffer_a[23]
I20250701 02:08:32.157514 2183815 StaDataPropagation.cc:172] Thread 133448476528704 data bwd propagate found end vertex.d_to_buffer_a[22]
I20250701 02:08:32.157524 2183815 StaDataPropagation.cc:172] Thread 133448476528704 data bwd propagate found end vertex.addr_to_buffer_a_write[2]
I20250701 02:08:32.157537 2183815 StaDataPropagation.cc:172] Thread 133448476528704 data bwd propagate found end vertex.addr_to_buffer_a_write[1]
I20250701 02:08:32.157547 2183815 StaDataPropagation.cc:172] Thread 133448476528704 data bwd propagate found end vertex.addr_to_buffer_a_write[0]
I20250701 02:08:32.161538 2183815 StaDataPropagation.cc:249] propagate start vertex u_skew_b.in_buff_$_DFFE_PP__Q_5:CK
I20250701 02:08:32.162887 2183815 StaDataPropagation.cc:703] data bwd propagation end
I20250701 02:08:32.162905 2183815 Sta.cc:2677] update timing end
I20250701 02:08:32.162948 2183815 Sta.cc:2680] update timing memory usage 2504.73MB
I20250701 02:08:32.162959 2183815 Sta.cc:2682] update timing time elapsed 0.117575s
assign q_from_buffer_a[0] = 1'b0 is not processed.
assign q_from_buffer_a[10] = 1'b0 is not processed.
assign q_from_buffer_a[11] = 1'b0 is not processed.
assign q_from_buffer_a[12] = 1'b0 is not processed.
assign q_from_buffer_a[13] = 1'b0 is not processed.
assign q_from_buffer_a[14] = 1'b0 is not processed.
assign q_from_buffer_a[15] = 1'b0 is not processed.
assign q_from_buffer_a[16] = 1'b0 is not processed.
assign q_from_buffer_a[17] = 1'b0 is not processed.
assign q_from_buffer_a[18] = 1'b0 is not processed.
assign q_from_buffer_a[19] = 1'b0 is not processed.
assign q_from_buffer_a[1] = 1'b0 is not processed.
assign q_from_buffer_a[20] = 1'b0 is not processed.
assign q_from_buffer_a[21] = 1'b0 is not processed.
assign q_from_buffer_a[22] = 1'b0 is not processed.
assign q_from_buffer_a[23] = 1'b0 is not processed.
assign q_from_buffer_a[24] = 1'b0 is not processed.
assign q_from_buffer_a[25] = 1'b0 is not processed.
assign q_from_buffer_a[26] = 1'b0 is not processed.
assign q_from_buffer_a[27] = 1'b0 is not processed.
assign q_from_buffer_a[28] = 1'b0 is not processed.
assign q_from_buffer_a[29] = 1'b0 is not processed.
assign q_from_buffer_a[2] = 1'b0 is not processed.
assign q_from_buffer_a[30] = 1'b0 is not processed.
assign q_from_buffer_a[31] = 1'b0 is not processed.
assign q_from_buffer_a[3] = 1'b0 is not processed.
assign q_from_buffer_a[4] = 1'b0 is not processed.
assign q_from_buffer_a[5] = 1'b0 is not processed.
assign q_from_buffer_a[6] = 1'b0 is not processed.
assign q_from_buffer_a[7] = 1'b0 is not processed.
assign q_from_buffer_a[8] = 1'b0 is not processed.
assign q_from_buffer_a[9] = 1'b0 is not processed.
assign q_from_buffer_b[0] = 1'b0 is not processed.
assign q_from_buffer_b[10] = 1'b0 is not processed.
assign q_from_buffer_b[11] = 1'b0 is not processed.
assign q_from_buffer_b[12] = 1'b0 is not processed.
assign q_from_buffer_b[13] = 1'b0 is not processed.
assign q_from_buffer_b[14] = 1'b0 is not processed.
assign q_from_buffer_b[15] = 1'b0 is not processed.
assign q_from_buffer_b[16] = 1'b0 is not processed.
assign q_from_buffer_b[17] = 1'b0 is not processed.
assign q_from_buffer_b[18] = 1'b0 is not processed.
assign q_from_buffer_b[19] = 1'b0 is not processed.
assign q_from_buffer_b[1] = 1'b0 is not processed.
assign q_from_buffer_b[20] = 1'b0 is not processed.
assign q_from_buffer_b[21] = 1'b0 is not processed.
assign q_from_buffer_b[22] = 1'b0 is not processed.
assign q_from_buffer_b[23] = 1'b0 is not processed.
assign q_from_buffer_b[24] = 1'b0 is not processed.
assign q_from_buffer_b[25] = 1'b0 is not processed.
assign q_from_buffer_b[26] = 1'b0 is not processed.
assign q_from_buffer_b[27] = 1'b0 is not processed.
assign q_from_buffer_b[28] = 1'b0 is not processed.
assign q_from_buffer_b[29] = 1'b0 is not processed.
assign q_from_buffer_b[2] = 1'b0 is not processed.
assign q_from_buffer_b[30] = 1'b0 is not processed.
assign q_from_buffer_b[31] = 1'b0 is not processed.
assign q_from_buffer_b[3] = 1'b0 is not processed.
assign q_from_buffer_b[4] = 1'b0 is not processed.
assign q_from_buffer_b[5] = 1'b0 is not processed.
assign q_from_buffer_b[6] = 1'b0 is not processed.
assign q_from_buffer_b[7] = 1'b0 is not processed.
assign q_from_buffer_b[8] = 1'b0 is not processed.
assign q_from_buffer_b[9] = 1'b0 is not processed.
[1;31m
  _____       _ _     _____        _         
 |_   _|     (_) |   |  __ \      | |        
   | |  _ __  _| |_  | |  | | __ _| |_ __ _  
   | | | '_ \| | __| | |  | |/ _` | __/ _` | 
  _| |_| | | | | |_  | |__| | (_| | || (_| | 
 |_____|_| |_|_|\__| |_____/ \__,_|\__\__,_| 
                                             
[0m
[1;35m
  ______ _        ______                      _    
 |  ____(_)      |  ____|                    | |   
 | |__   ___  __ | |__ __ _ _ __   ___  _   _| |_  
 |  __| | \ \/ / |  __/ _` | '_ \ / _ \| | | | __| 
 | |    | |>  <  | | | (_| | | | | (_) | |_| | |_  
 |_|    |_/_/\_\ |_|  \__,_|_| |_|\___/ \__,_|\__| 
                                                   
[0m
I20250701 02:08:32.164139 2183815 FixFanout.cpp:55] [Result: ] Find 4 Net with fanout violation.
I20250701 02:08:32.164151 2183815 FixFanout.cpp:56] [Result: ] Insert 25 Buffers.
iNO fixfanout run successfully.
I20250701 02:08:32.164269 2183815 verilog_write.cpp:59] start write verilog file /data/stu25/s2300012745/work/yosys-sta/lab8/result/P4/accelerator-2000MHz/accelerator.netlist.fixed.v
I20250701 02:08:32.231638 2183815 verilog_write.cpp:77] finish write verilog file /data/stu25/s2300012745/work/yosys-sta/lab8/result/P4/accelerator-2000MHz/accelerator.netlist.fixed.v
