
 /----------------------------------------------------------------------------\
 |  yosys -- Yosys Open SYnthesis Suite                                       |
 |  Copyright (C) 2012 - 2025  Claire Xenia Wolf <claire@yosyshq.com>         |
 |  Distributed under an ISC-like license, type "license" to see terms        |
 \----------------------------------------------------------------------------/
 Yosys 0.53+39 (git sha1 388955031, clang++ 18.1.8 -fPIC -O3)

-- Executing script file `-' --
[TCL: yosys -import] Command name collision: found pre-existing command `cd' -> skip.
[TCL: yosys -import] Command name collision: found pre-existing command `eval' -> skip.
[TCL: yosys -import] Command name collision: found pre-existing command `exec' -> skip.
[TCL: yosys -import] Command name collision: found pre-existing command `read' -> skip.
[TCL: yosys -import] Command name collision: found pre-existing command `trace' -> skip.

1. Executing Verilog-2005 frontend: /data/stu25/s2300012745/work/yosys-sta/lab8/result/P4/accelerator-2000MHz/accelerator.netlist.fixed.v
Parsing Verilog input from `/data/stu25/s2300012745/work/yosys-sta/lab8/result/P4/accelerator-2000MHz/accelerator.netlist.fixed.v' to AST representation.
Generating RTLIL representation for module `\accelerator'.
Successfully finished Verilog frontend.

2. Executing Liberty frontend: /data/stu25/s2300012745/work/yosys-sta/scripts/../pdk/nangate45/lib/Nangate45_typ.lib
Imported 134 cell types from liberty file.

3. Executing HIERARCHY pass (managing design hierarchy).

3.1. Analyzing design hierarchy..
Top module:  \accelerator

3.2. Analyzing design hierarchy..
Top module:  \accelerator
Removed 0 unused modules.

4. Executing CHECK pass (checking for obvious problems).
Checking module accelerator...
Warning: Wire accelerator.\q_from_buffer_a [31] is used but has no driver.
Warning: Wire accelerator.\q_from_buffer_a [30] is used but has no driver.
Warning: Wire accelerator.\q_from_buffer_a [29] is used but has no driver.
Warning: Wire accelerator.\q_from_buffer_a [28] is used but has no driver.
Warning: Wire accelerator.\q_from_buffer_a [27] is used but has no driver.
Warning: Wire accelerator.\q_from_buffer_a [26] is used but has no driver.
Warning: Wire accelerator.\q_from_buffer_a [25] is used but has no driver.
Warning: Wire accelerator.\q_from_buffer_a [24] is used but has no driver.
Warning: Wire accelerator.\q_from_buffer_a [23] is used but has no driver.
Warning: Wire accelerator.\q_from_buffer_a [22] is used but has no driver.
Warning: Wire accelerator.\q_from_buffer_a [21] is used but has no driver.
Warning: Wire accelerator.\q_from_buffer_a [20] is used but has no driver.
Warning: Wire accelerator.\q_from_buffer_a [19] is used but has no driver.
Warning: Wire accelerator.\q_from_buffer_a [18] is used but has no driver.
Warning: Wire accelerator.\q_from_buffer_a [17] is used but has no driver.
Warning: Wire accelerator.\q_from_buffer_a [16] is used but has no driver.
Warning: Wire accelerator.\q_from_buffer_a [15] is used but has no driver.
Warning: Wire accelerator.\q_from_buffer_a [14] is used but has no driver.
Warning: Wire accelerator.\q_from_buffer_a [13] is used but has no driver.
Warning: Wire accelerator.\q_from_buffer_a [12] is used but has no driver.
Warning: Wire accelerator.\q_from_buffer_a [11] is used but has no driver.
Warning: Wire accelerator.\q_from_buffer_a [10] is used but has no driver.
Warning: Wire accelerator.\q_from_buffer_a [9] is used but has no driver.
Warning: Wire accelerator.\q_from_buffer_a [8] is used but has no driver.
Warning: Wire accelerator.\q_from_buffer_a [7] is used but has no driver.
Warning: Wire accelerator.\q_from_buffer_a [6] is used but has no driver.
Warning: Wire accelerator.\q_from_buffer_a [5] is used but has no driver.
Warning: Wire accelerator.\q_from_buffer_a [4] is used but has no driver.
Warning: Wire accelerator.\q_from_buffer_a [3] is used but has no driver.
Warning: Wire accelerator.\q_from_buffer_a [2] is used but has no driver.
Warning: Wire accelerator.\q_from_buffer_a [1] is used but has no driver.
Warning: Wire accelerator.\q_from_buffer_a [0] is used but has no driver.
Warning: Wire accelerator.\q_from_buffer_b [31] is used but has no driver.
Warning: Wire accelerator.\q_from_buffer_b [30] is used but has no driver.
Warning: Wire accelerator.\q_from_buffer_b [29] is used but has no driver.
Warning: Wire accelerator.\q_from_buffer_b [28] is used but has no driver.
Warning: Wire accelerator.\q_from_buffer_b [27] is used but has no driver.
Warning: Wire accelerator.\q_from_buffer_b [26] is used but has no driver.
Warning: Wire accelerator.\q_from_buffer_b [25] is used but has no driver.
Warning: Wire accelerator.\q_from_buffer_b [24] is used but has no driver.
Warning: Wire accelerator.\q_from_buffer_b [23] is used but has no driver.
Warning: Wire accelerator.\q_from_buffer_b [22] is used but has no driver.
Warning: Wire accelerator.\q_from_buffer_b [21] is used but has no driver.
Warning: Wire accelerator.\q_from_buffer_b [20] is used but has no driver.
Warning: Wire accelerator.\q_from_buffer_b [19] is used but has no driver.
Warning: Wire accelerator.\q_from_buffer_b [18] is used but has no driver.
Warning: Wire accelerator.\q_from_buffer_b [17] is used but has no driver.
Warning: Wire accelerator.\q_from_buffer_b [16] is used but has no driver.
Warning: Wire accelerator.\q_from_buffer_b [15] is used but has no driver.
Warning: Wire accelerator.\q_from_buffer_b [14] is used but has no driver.
Warning: Wire accelerator.\q_from_buffer_b [13] is used but has no driver.
Warning: Wire accelerator.\q_from_buffer_b [12] is used but has no driver.
Warning: Wire accelerator.\q_from_buffer_b [11] is used but has no driver.
Warning: Wire accelerator.\q_from_buffer_b [10] is used but has no driver.
Warning: Wire accelerator.\q_from_buffer_b [9] is used but has no driver.
Warning: Wire accelerator.\q_from_buffer_b [8] is used but has no driver.
Warning: Wire accelerator.\q_from_buffer_b [7] is used but has no driver.
Warning: Wire accelerator.\q_from_buffer_b [6] is used but has no driver.
Warning: Wire accelerator.\q_from_buffer_b [5] is used but has no driver.
Warning: Wire accelerator.\q_from_buffer_b [4] is used but has no driver.
Warning: Wire accelerator.\q_from_buffer_b [3] is used but has no driver.
Warning: Wire accelerator.\q_from_buffer_b [2] is used but has no driver.
Warning: Wire accelerator.\q_from_buffer_b [1] is used but has no driver.
Warning: Wire accelerator.\q_from_buffer_b [0] is used but has no driver.
Found and reported 64 problems.

5. Printing statistics.

=== accelerator ===

   Number of wires:               1016
   Number of wire bits:           2945
   Number of public wires:        1016
   Number of public wire bits:    2945
   Number of ports:                 24
   Number of port bits:           1794
   Number of memories:               0
   Number of memory bits:            0
   Number of processes:              0
   Number of cells:               1508
     AND2_X1                       558
     AND2_X2                         8
     AND2_X4                        27
     AND3_X1                         7
     AND3_X2                         1
     AND4_X1                        74
     AOI211_X1                       1
     AOI21_X1                       30
     AOI221_X4                       1
     AOI22_X1                       35
     BUF_X2                          3
     BUF_X4                          3
     BUF_X8                         25
     CLKBUF_X2                      13
     CLKGATE_X1                     23
     DFFR_X1                       182
     DFFS_X1                         3
     DFF_X1                         85
     INV_X1                        102
     INV_X2                          1
     MUX2_X1                        10
     NAND2_X1                       47
     NAND3_X1                       12
     NAND3_X4                        1
     NAND4_X1                        1
     NOR2_X1                        50
     NOR2_X2                         5
     NOR3_X1                        20
     NOR3_X2                         2
     NOR4_X1                         6
     NOR4_X2                         1
     OAI211_X1                      16
     OAI21_X1                       55
     OAI21_X2                        1
     OAI22_X1                       43
     OR2_X1                         10
     OR3_X1                          1
     OR4_X1                          2
     XNOR2_X1                       22
     XOR2_X1                        21

   Chip area for module '\accelerator': 2871.736000
     of which used for sequential elements: 1368.570000 (47.66%)

Warnings: 64 unique messages, 64 total
End of script. Logfile hash: a7ca941a5e, CPU: user 0.24s system 0.02s, MEM: 42.45 MB peak
Yosys 0.53+39 (git sha1 388955031, clang++ 18.1.8 -fPIC -O3)
Time spent: 59% 2x read_verilog (0 sec), 17% 1x stat (0 sec), ...
